<?xml version="1.0" encoding="UTF-8"?>
<coverage generated="1686838655977" clover="3.2.0">
  <project timestamp="1686838655977" name="All files">
    <metrics statements="3" coveredstatements="3" conditionals="2" coveredconditionals="1" methods="1" coveredmethods="1" elements="6" coveredelements="5" complexity="0" loc="3" ncloc="3" packages="1" files="1" classes="1"/>
    <file name="Note.js" path="C:\Users\belen\Desktop\Laboratoria\burger-queen-api-client\burger-queen-api-client\src\test\Note.js">
      <metrics statements="3" coveredstatements="3" conditionals="2" coveredconditionals="1" methods="1" coveredmethods="1"/>
      <line num="3" count="1" type="stmt"/>
      <line num="4" count="1" type="cond" truecount="1" falsecount="1"/>
      <line num="6" count="1" type="stmt"/>
    </file>
  </project>
</coverage>
