{"C:\\Users\\belen\\Desktop\\Laboratoria\\burger-queen-api-client\\burger-queen-api-client\\src\\test\\Note.js": {"path":"C:\\Users\\belen\\Desktop\\Laboratoria\\burger-queen-api-client\\burger-queen-api-client\\src\\test\\Note.js","statementMap":{"0":{"start":{"line":3,"column":13},"end":{"line":14,"column":1}},"1":{"start":{"line":4,"column":18},"end":{"line":4,"column":74}},"2":{"start":{"line":6,"column":4},"end":{"line":13,"column":5}}},"fnMap":{"0":{"name":"(anonymous_0)","decl":{"start":{"line":3,"column":13},"end":{"line":3,"column":14}},"loc":{"start":{"line":3,"column":45},"end":{"line":14,"column":1}},"line":3}},"branchMap":{"0":{"loc":{"start":{"line":4,"column":18},"end":{"line":4,"column":74}},"type":"cond-expr","locations":[{"start":{"line":4,"column":35},"end":{"line":4,"column":55}},{"start":{"line":4,"column":58},"end":{"line":4,"column":74}}],"line":4}},"s":{"0":1,"1":1,"2":1},"f":{"0":1},"b":{"0":[1,0]},"_coverageSchema":"1a1c01bbd47fc00a2c39e90264f33305004495a9","hash":"b648d90d765f36edf06b19f6c14704fd4bdda728"}
}
